TN:
SF:src/basic/add.js
FN:1,add
FNF:1
FNH:1
FNDA:1,add
DA:1,1
DA:2,1
DA:3,1
DA:4,1
LF:4
LH:4
BRDA:1,0,0,1
BRF:1
BRH:1
end_of_record
TN:
SF:src/basic/async.js
FN:1,fetchProduct
FNF:1
FNH:1
FNDA:7,fetchProduct
DA:1,7
DA:2,7
DA:3,2
DA:4,2
DA:5,5
DA:6,5
DA:7,1
DA:8,1
LF:8
LH:8
BRDA:1,0,0,7
BRDA:2,1,0,2
BRDA:5,2,0,5
BRF:3
BRH:3
end_of_record
TN:
SF:src/basic/calculator.js
FN:2,Calculator
FN:6,set
FN:10,clear
FN:14,add
FN:22,subtract
FN:26,multiply
FN:30,divide
FNF:7
FNH:7
FNDA:18,Calculator
FNDA:13,set
FNDA:2,clear
FNDA:4,add
FNDA:2,subtract
FNDA:2,multiply
FNDA:4,divide
DA:1,1
DA:2,1
DA:3,18
DA:4,18
DA:5,1
DA:6,1
DA:7,13
DA:8,13
DA:9,1
DA:10,1
DA:11,2
DA:12,2
DA:13,1
DA:14,1
DA:15,4
DA:16,4
DA:17,2
DA:18,2
DA:19,2
DA:20,2
DA:21,1
DA:22,1
DA:23,2
DA:24,2
DA:25,1
DA:26,1
DA:27,2
DA:28,2
DA:29,1
DA:30,1
DA:31,4
DA:32,4
DA:33,1
DA:34,1
DA:35,1
LF:35
LH:35
BRDA:2,0,0,18
BRDA:6,1,0,13
BRDA:10,2,0,2
BRDA:14,3,0,4
BRDA:16,4,0,2
BRDA:22,5,0,2
BRDA:26,6,0,2
BRDA:30,7,0,4
BRF:8
BRH:8
end_of_record
TN:
SF:src/mock/check/check.js
FN:1,check
FNF:1
FNH:1
FNDA:2,check
DA:1,2
DA:2,2
DA:3,1
DA:4,1
DA:5,1
DA:6,1
DA:7,2
DA:8,1
DA:9,1
LF:9
LH:9
BRDA:1,0,0,2
BRDA:2,1,0,1
BRF:2
BRH:2
end_of_record
